{
  "0 debug pnpm:scope": {
    "selected": 1
  },
  "1 error pnpm": {
    "code": "ELIFECYCLE",
    "errno": "ENOENT",
    "syscall": "spawn",
    "file": "sh",
    "pkgid": "sveltekit-typescript-postcss-tailwind2@0.0.4",
    "stage": "build",
    "script": "svelte-kit build",
    "pkgname": "sveltekit-typescript-postcss-tailwind2",
    "err": {
      "name": "pnpm",
      "message": "sveltekit-typescript-postcss-tailwind2@0.0.4 build: `svelte-kit build`\nspawn ENOENT",
      "code": "ELIFECYCLE",
      "stack": "pnpm: sveltekit-typescript-postcss-tailwind2@0.0.4 build: `svelte-kit build`\nspawn ENOENT\n    at ChildProcess.<anonymous> (/Users/umimchoi/pnpm-global/5/node_modules/.pnpm/pnpm@6.29.1/node_modules/pnpm/dist/pnpm.cjs:92187:22)\n    at ChildProcess.emit (node:events:390:28)\n    at maybeClose (node:internal/child_process:1064:16)\n    at Process.ChildProcess._handle.onexit (node:internal/child_process:301:5)"
    }
  },
  "2 warn pnpm:global": " Local package.json exists, but node_modules missing, did you mean to install?"
}